<?xml version="1.0" encoding="UTF-8"?>
<!-- Generated by org.testng.reporters.JUnitReportReporter -->
<testsuite hostname="Ankit" failures="0" tests="1" name="org.rest.com.DeleteMethod" time="3.461" errors="0" timestamp="2023-10-19T22:06:34 IST" skipped="0">
  <testcase classname="org.rest.com.DeleteMethod" name="test" time="3.461"/>
  <system-out/>
</testsuite> <!-- org.rest.com.DeleteMethod -->
