<?xml version="1.0" encoding="UTF-8"?>
<!-- Generated by org.testng.reporters.JUnitReportReporter -->
<testsuite hostname="Ankit" failures="0" tests="1" name="org.pojo.com.JSONArraySerializationAnddeserialization" time="3.824" errors="0" timestamp="2023-10-28T13:25:20 IST" skipped="0">
  <testcase classname="org.pojo.com.JSONArraySerializationAnddeserialization" name="objectListCreationTest" time="3.824"/>
  <system-out/>
</testsuite> <!-- org.pojo.com.JSONArraySerializationAnddeserialization -->
