<?xml version="1.0" encoding="UTF-8"?>
<!-- Generated by org.testng.reporters.JUnitReportReporter -->
<testsuite hostname="Ankit" failures="0" tests="1" name="org.pojo.com.SerializationAndDeserialization" time="2.763" errors="0" timestamp="2023-10-28T12:09:20 IST" skipped="0">
  <testcase classname="org.pojo.com.SerializationAndDeserialization" name="serialTest" time="2.763"/>
  <system-out/>
</testsuite> <!-- org.pojo.com.SerializationAndDeserialization -->
