<?xml version="1.0" encoding="UTF-8"?>
<!-- Generated by org.testng.reporters.JUnitReportReporter -->
<testsuite hostname="Ankit" failures="0" tests="1" name="org.rest.com.PutMethod" time="3.546" errors="0" timestamp="2023-10-19T22:01:19 IST" skipped="0">
  <testcase classname="org.rest.com.PutMethod" name="test" time="3.546"/>
  <system-out/>
</testsuite> <!-- org.rest.com.PutMethod -->
