<?xml version="1.0" encoding="UTF-8"?>
<!-- Generated by org.testng.reporters.JUnitReportReporter -->
<testsuite hostname="Ankit" failures="0" tests="1" name="org.rest.com.PostMethod" time="2.888" errors="0" timestamp="2023-10-19T20:40:41 IST" skipped="0">
  <testcase classname="org.rest.com.PostMethod" name="test01" time="2.888"/>
  <system-out/>
</testsuite> <!-- org.rest.com.PostMethod -->
