<?xml version="1.0" encoding="UTF-8"?>
<!-- Generated by org.testng.reporters.JUnitReportReporter -->
<testsuite hostname="Ankit" failures="0" tests="2" name="org.rest.com.GetReqTest" time="4.014" errors="0" timestamp="2023-10-18T22:29:01 IST" skipped="0">
  <testcase classname="org.rest.com.GetReqTest" name="getInBDDWay" time="3.194"/>
  <system-out/>
  <testcase classname="org.rest.com.GetReqTest" name="getMethod" time="0.820"/>
  <system-out/>
</testsuite> <!-- org.rest.com.GetReqTest -->
