<?xml version="1.0" encoding="UTF-8"?>
<!-- Generated by org.testng.reporters.JUnitReportReporter -->
<testsuite hostname="Ankit" failures="0" tests="1" name="org.rest.com.XMLReqRes" time="7.501" errors="0" timestamp="2023-10-25T21:48:45 IST" skipped="0">
  <testcase classname="org.rest.com.XMLReqRes" name="test" time="7.501"/>
  <system-out/>
</testsuite> <!-- org.rest.com.XMLReqRes -->
