<?xml version="1.0" encoding="UTF-8"?>
<!-- Generated by org.testng.reporters.JUnitReportReporter -->
<testsuite hostname="Ankit" failures="0" tests="3" name="org.rest.com.BasicAuthorization" time="8.138" errors="0" timestamp="2023-10-24T20:39:31 IST" skipped="0">
  <testcase classname="org.rest.com.BasicAuthorization" name="test02" time="2.275"/>
  <system-out/>
  <testcase classname="org.rest.com.BasicAuthorization" name="test01" time="4.386"/>
  <system-out/>
  <testcase classname="org.rest.com.BasicAuthorization" name="test03" time="1.477"/>
  <system-out/>
</testsuite> <!-- org.rest.com.BasicAuthorization -->
