<?xml version="1.0" encoding="UTF-8"?>
<!-- Generated by org.testng.reporters.JUnitReportReporter -->
<testsuite hostname="Ankit" failures="0" tests="1" name="org.rest.com.PatchMethod" time="2.990" errors="0" timestamp="2023-10-19T22:01:39 IST" skipped="0">
  <testcase classname="org.rest.com.PatchMethod" name="test" time="2.990"/>
  <system-out/>
</testsuite> <!-- org.rest.com.PatchMethod -->
