<?xml version="1.0" encoding="UTF-8"?>
<!-- Generated by org.testng.reporters.JUnitReportReporter -->
<testsuite hostname="Ankit" failures="0" tests="5" name="org.myapi.com.CRUDOperations" time="1.210" errors="0" timestamp="2023-10-28T11:09:43 IST" skipped="3">
  <testcase classname="org.myapi.com.CRUDOperations" name="deleteTest" time="1.142"/>
  <system-out/>
  <testcase classname="org.myapi.com.CRUDOperations" name="readTest" time="0.068"/>
  <system-out/>
  <testcase classname="org.myapi.com.CRUDOperations" name="creatTest">
    <skipped/>
  </testcase> <!-- creatTest -->
  <system-out/>
  <testcase classname="org.myapi.com.CRUDOperations" name="bodyScan">
    <skipped/>
  </testcase> <!-- bodyScan -->
  <system-out/>
  <testcase classname="org.myapi.com.CRUDOperations" name="updateTest">
    <skipped/>
  </testcase> <!-- updateTest -->
  <system-out/>
</testsuite> <!-- org.myapi.com.CRUDOperations -->
