<?xml version="1.0" encoding="UTF-8"?>
<!-- Generated by org.testng.reporters.JUnitReportReporter -->
<testsuite hostname="Ankit" failures="0" tests="1" name="org.rest.com.UseOfMapCollection" time="3.853" errors="0" timestamp="2023-10-26T19:03:07 IST" skipped="0">
  <testcase classname="org.rest.com.UseOfMapCollection" name="createToken" time="3.853"/>
  <system-out/>
</testsuite> <!-- org.rest.com.UseOfMapCollection -->
