<?xml version="1.0" encoding="UTF-8"?>
<!-- Generated by org.testng.reporters.JUnitReportReporter -->
<testsuite hostname="Ankit" failures="0" tests="4" name="org.rest.com.HeadersMethodTest" time="4.319" errors="0" timestamp="2023-10-29T11:43:36 IST" skipped="0">
  <testcase classname="org.rest.com.HeadersMethodTest" name="test01" time="2.679"/>
  <system-out/>
  <testcase classname="org.rest.com.HeadersMethodTest" name="test04" time="0.397"/>
  <system-out/>
  <testcase classname="org.rest.com.HeadersMethodTest" name="test02" time="0.526"/>
  <system-out/>
  <testcase classname="org.rest.com.HeadersMethodTest" name="test03" time="0.717"/>
  <system-out/>
</testsuite> <!-- org.rest.com.HeadersMethodTest -->
